2025-06-18 07:57:42 - INFO - Script Started @ Datetime 20250618
2025-06-18 07:57:42 - INFO - Reading Configuration ...
2025-06-18 07:57:42 - INFO - Read Successful!
2025-06-18 07:57:42 - INFO - Successfully connected to the database.
2025-06-18 07:57:47 - INFO - Successfully inserted 10 Records.
2025-06-18 07:57:47 - INFO - Successfully inserted 10 Records.
2025-06-18 07:57:47 - INFO - Successfully inserted 10 Records.
2025-06-18 07:57:47 - INFO - Successfully inserted 10 Records.
2025-06-18 07:57:47 - INFO - Successfully inserted 10 Records.
2025-06-18 07:57:47 - INFO - Successfully inserted 10 Records.
2025-06-18 07:57:47 - INFO - Successfully inserted 10 Records.
2025-06-18 07:57:47 - INFO - Successfully inserted 10 Records.
2025-06-18 07:57:47 - INFO - Successfully inserted 10 Records.
2025-06-18 07:57:47 - INFO - Successfully inserted 10 Records.
2025-06-18 07:57:51 - INFO - Successfully inserted 10 Records.
2025-06-18 07:57:51 - INFO - Successfully inserted 10 Records.
2025-06-18 07:57:51 - INFO - Successfully inserted 10 Records.
2025-06-18 07:57:51 - INFO - Successfully inserted 10 Records.
2025-06-18 07:57:51 - INFO - Successfully inserted 10 Records.
2025-06-18 07:57:51 - INFO - Successfully inserted 10 Records.
2025-06-18 07:57:51 - INFO - Successfully inserted 10 Records.
2025-06-18 07:57:51 - INFO - Successfully inserted 10 Records.
2025-06-18 07:57:51 - INFO - Successfully inserted 10 Records.
2025-06-18 07:57:51 - INFO - Successfully inserted 10 Records.
2025-06-18 07:57:53 - INFO - Successfully inserted 6 Records.
2025-06-18 07:57:53 - INFO - Successfully inserted 6 Records.
2025-06-18 07:57:53 - INFO - Successfully inserted 6 Records.
2025-06-18 07:57:53 - INFO - Successfully inserted 6 Records.
2025-06-18 07:57:53 - INFO - Successfully inserted 6 Records.
2025-06-18 07:57:53 - INFO - Successfully inserted 6 Records.
2025-06-18 07:57:54 - INFO - Successfully inserted 6 Records.
2025-06-18 07:57:54 - INFO - Successfully inserted 6 Records.
2025-06-18 07:57:54 - INFO - Successfully inserted 6 Records.
2025-06-18 07:57:54 - INFO - Successfully inserted 6 Records.
2025-06-18 07:57:54 - INFO - Successfully inserted 6 Records.
2025-06-18 07:57:54 - INFO - Successfully inserted 6 Records.
2025-06-18 07:57:56 - INFO - Successfully inserted 10 Records.
2025-06-18 07:57:56 - INFO - Successfully inserted 10 Records.
2025-06-18 07:57:56 - INFO - Successfully inserted 10 Records.
2025-06-18 07:57:56 - INFO - Successfully inserted 10 Records.
2025-06-18 07:57:56 - INFO - Successfully inserted 10 Records.
2025-06-18 07:57:56 - INFO - Successfully inserted 10 Records.
2025-06-18 07:57:56 - INFO - Successfully inserted 10 Records.
2025-06-18 07:57:56 - INFO - Successfully inserted 10 Records.
2025-06-18 07:57:56 - INFO - Successfully inserted 10 Records.
2025-06-18 07:57:56 - INFO - Successfully inserted 10 Records.
2025-06-18 07:57:58 - INFO - Successfully inserted 10 Records.
2025-06-18 07:57:58 - INFO - Successfully inserted 10 Records.
2025-06-18 07:57:58 - INFO - Successfully inserted 10 Records.
2025-06-18 07:57:58 - INFO - Successfully inserted 10 Records.
2025-06-18 07:57:58 - INFO - Successfully inserted 10 Records.
2025-06-18 07:57:58 - INFO - Successfully inserted 10 Records.
2025-06-18 07:57:58 - INFO - Successfully inserted 10 Records.
2025-06-18 07:57:58 - INFO - Successfully inserted 10 Records.
2025-06-18 07:57:58 - INFO - Successfully inserted 10 Records.
2025-06-18 07:57:58 - INFO - Successfully inserted 10 Records.
2025-06-18 07:58:02 - INFO - Successfully inserted 10 Records.
2025-06-18 07:58:02 - INFO - Successfully inserted 10 Records.
2025-06-18 07:58:02 - INFO - Successfully inserted 10 Records.
2025-06-18 07:58:02 - INFO - Successfully inserted 10 Records.
2025-06-18 07:58:02 - INFO - Successfully inserted 10 Records.
2025-06-18 07:58:02 - INFO - Successfully inserted 10 Records.
2025-06-18 07:58:02 - INFO - Successfully inserted 10 Records.
2025-06-18 07:58:02 - INFO - Successfully inserted 10 Records.
2025-06-18 07:58:02 - INFO - Successfully inserted 10 Records.
2025-06-18 07:58:02 - INFO - Successfully inserted 10 Records.
2025-06-18 07:58:07 - INFO - Successfully inserted 10 Records.
2025-06-18 07:58:07 - INFO - Successfully inserted 10 Records.
2025-06-18 07:58:07 - INFO - Successfully inserted 10 Records.
2025-06-18 07:58:07 - INFO - Successfully inserted 10 Records.
2025-06-18 07:58:07 - INFO - Successfully inserted 10 Records.
2025-06-18 07:58:07 - INFO - Successfully inserted 10 Records.
2025-06-18 07:58:07 - INFO - Successfully inserted 10 Records.
2025-06-18 07:58:07 - INFO - Successfully inserted 10 Records.
2025-06-18 07:58:07 - INFO - Successfully inserted 10 Records.
2025-06-18 07:58:07 - INFO - Successfully inserted 10 Records.
2025-06-18 07:58:09 - INFO - Successfully inserted 6 Records.
2025-06-18 07:58:09 - INFO - Successfully inserted 6 Records.
2025-06-18 07:58:09 - INFO - Successfully inserted 6 Records.
2025-06-18 07:58:09 - INFO - Successfully inserted 6 Records.
2025-06-18 07:58:09 - INFO - Successfully inserted 6 Records.
2025-06-18 07:58:09 - INFO - Successfully inserted 6 Records.
2025-06-18 07:58:10 - INFO - Successfully inserted 6 Records.
2025-06-18 07:58:10 - INFO - Successfully inserted 6 Records.
2025-06-18 07:58:10 - INFO - Successfully inserted 6 Records.
2025-06-18 07:58:10 - INFO - Successfully inserted 6 Records.
2025-06-18 07:58:10 - INFO - Successfully inserted 6 Records.
2025-06-18 07:58:10 - INFO - Successfully inserted 6 Records.
2025-06-18 07:58:12 - INFO - Successfully inserted 10 Records.
2025-06-18 07:58:12 - INFO - Successfully inserted 10 Records.
2025-06-18 07:58:12 - INFO - Successfully inserted 10 Records.
2025-06-18 07:58:12 - INFO - Successfully inserted 10 Records.
2025-06-18 07:58:12 - INFO - Successfully inserted 10 Records.
2025-06-18 07:58:12 - INFO - Successfully inserted 10 Records.
2025-06-18 07:58:12 - INFO - Successfully inserted 10 Records.
2025-06-18 07:58:12 - INFO - Successfully inserted 10 Records.
2025-06-18 07:58:12 - INFO - Successfully inserted 10 Records.
2025-06-18 07:58:12 - INFO - Successfully inserted 10 Records.
2025-06-18 07:58:14 - INFO - Successfully inserted 10 Records.
2025-06-18 07:58:14 - INFO - Successfully inserted 10 Records.
2025-06-18 07:58:14 - INFO - Successfully inserted 10 Records.
2025-06-18 07:58:14 - INFO - Successfully inserted 10 Records.
2025-06-18 07:58:14 - INFO - Successfully inserted 10 Records.
2025-06-18 07:58:14 - INFO - Successfully inserted 10 Records.
2025-06-18 07:58:14 - INFO - Successfully inserted 10 Records.
2025-06-18 07:58:14 - INFO - Successfully inserted 10 Records.
2025-06-18 07:58:14 - INFO - Successfully inserted 10 Records.
2025-06-18 07:58:15 - INFO - Successfully inserted 10 Records.
2025-06-18 07:58:20 - INFO - Successfully inserted 10 Records.
2025-06-18 07:58:20 - INFO - Successfully inserted 10 Records.
2025-06-18 07:58:20 - INFO - Successfully inserted 10 Records.
2025-06-18 07:58:20 - INFO - Successfully inserted 10 Records.
2025-06-18 07:58:20 - INFO - Successfully inserted 10 Records.
2025-06-18 07:58:20 - INFO - Successfully inserted 10 Records.
2025-06-18 07:58:20 - INFO - Successfully inserted 10 Records.
2025-06-18 07:58:20 - INFO - Successfully inserted 10 Records.
2025-06-18 07:58:20 - INFO - Successfully inserted 10 Records.
2025-06-18 07:58:20 - INFO - Successfully inserted 10 Records.
2025-06-18 07:58:25 - INFO - Successfully inserted 10 Records.
2025-06-18 07:58:25 - INFO - Successfully inserted 10 Records.
2025-06-18 07:58:26 - INFO - Successfully inserted 10 Records.
2025-06-18 07:58:26 - INFO - Successfully inserted 10 Records.
2025-06-18 07:58:26 - INFO - Successfully inserted 10 Records.
2025-06-18 07:58:26 - INFO - Successfully inserted 10 Records.
2025-06-18 07:58:26 - INFO - Successfully inserted 10 Records.
2025-06-18 07:58:26 - INFO - Successfully inserted 10 Records.
2025-06-18 07:58:26 - INFO - Successfully inserted 10 Records.
2025-06-18 07:58:26 - INFO - Successfully inserted 10 Records.
2025-06-18 07:58:27 - INFO - Successfully inserted 6 Records.
2025-06-18 07:58:27 - INFO - Successfully inserted 6 Records.
2025-06-18 07:58:27 - INFO - Successfully inserted 6 Records.
2025-06-18 07:58:27 - INFO - Successfully inserted 6 Records.
2025-06-18 07:58:27 - INFO - Successfully inserted 6 Records.
2025-06-18 07:58:27 - INFO - Successfully inserted 6 Records.
2025-06-18 07:58:29 - INFO - Successfully inserted 6 Records.
2025-06-18 07:58:29 - INFO - Successfully inserted 6 Records.
2025-06-18 07:58:29 - INFO - Successfully inserted 6 Records.
2025-06-18 07:58:29 - INFO - Successfully inserted 6 Records.
2025-06-18 07:58:29 - INFO - Successfully inserted 6 Records.
2025-06-18 07:58:29 - INFO - Successfully inserted 6 Records.
2025-06-18 07:58:31 - INFO - Successfully inserted 10 Records.
2025-06-18 07:58:31 - INFO - Successfully inserted 10 Records.
2025-06-18 07:58:31 - INFO - Successfully inserted 10 Records.
2025-06-18 07:58:31 - INFO - Successfully inserted 10 Records.
2025-06-18 07:58:31 - INFO - Successfully inserted 10 Records.
2025-06-18 07:58:31 - INFO - Successfully inserted 10 Records.
2025-06-18 07:58:31 - INFO - Successfully inserted 10 Records.
2025-06-18 07:58:31 - INFO - Successfully inserted 10 Records.
2025-06-18 07:58:31 - INFO - Successfully inserted 10 Records.
2025-06-18 07:58:31 - INFO - Successfully inserted 10 Records.
2025-06-18 07:58:33 - INFO - Successfully inserted 10 Records.
2025-06-18 07:58:33 - INFO - Successfully inserted 10 Records.
2025-06-18 07:58:33 - INFO - Successfully inserted 10 Records.
2025-06-18 07:58:33 - INFO - Successfully inserted 10 Records.
2025-06-18 07:58:33 - INFO - Successfully inserted 10 Records.
2025-06-18 07:58:33 - INFO - Successfully inserted 10 Records.
2025-06-18 07:58:33 - INFO - Successfully inserted 10 Records.
2025-06-18 07:58:33 - INFO - Successfully inserted 10 Records.
2025-06-18 07:58:33 - INFO - Successfully inserted 10 Records.
2025-06-18 07:58:33 - INFO - Successfully inserted 10 Records.
2025-06-18 07:58:37 - INFO - Successfully inserted 10 Records.
2025-06-18 07:58:37 - INFO - Successfully inserted 10 Records.
2025-06-18 07:58:37 - INFO - Successfully inserted 10 Records.
2025-06-18 07:58:37 - INFO - Successfully inserted 10 Records.
2025-06-18 07:58:37 - INFO - Successfully inserted 10 Records.
2025-06-18 07:58:37 - INFO - Successfully inserted 10 Records.
2025-06-18 07:58:37 - INFO - Successfully inserted 10 Records.
2025-06-18 07:58:37 - INFO - Successfully inserted 10 Records.
2025-06-18 07:58:37 - INFO - Successfully inserted 10 Records.
2025-06-18 07:58:37 - INFO - Successfully inserted 10 Records.
2025-06-18 07:58:41 - INFO - Successfully inserted 10 Records.
2025-06-18 07:58:41 - INFO - Successfully inserted 10 Records.
2025-06-18 07:58:41 - INFO - Successfully inserted 10 Records.
2025-06-18 07:58:41 - INFO - Successfully inserted 10 Records.
2025-06-18 07:58:41 - INFO - Successfully inserted 10 Records.
2025-06-18 07:58:41 - INFO - Successfully inserted 10 Records.
2025-06-18 07:58:41 - INFO - Successfully inserted 10 Records.
2025-06-18 07:58:41 - INFO - Successfully inserted 10 Records.
2025-06-18 07:58:41 - INFO - Successfully inserted 10 Records.
2025-06-18 07:58:41 - INFO - Successfully inserted 10 Records.
2025-06-18 07:58:42 - INFO - Successfully inserted 6 Records.
2025-06-18 07:58:42 - INFO - Successfully inserted 6 Records.
2025-06-18 07:58:42 - INFO - Successfully inserted 6 Records.
2025-06-18 07:58:42 - INFO - Successfully inserted 6 Records.
2025-06-18 07:58:42 - INFO - Successfully inserted 6 Records.
2025-06-18 07:58:42 - INFO - Successfully inserted 6 Records.
2025-06-18 07:58:44 - INFO - Successfully inserted 6 Records.
2025-06-18 07:58:44 - INFO - Successfully inserted 6 Records.
2025-06-18 07:58:44 - INFO - Successfully inserted 6 Records.
2025-06-18 07:58:44 - INFO - Successfully inserted 6 Records.
2025-06-18 07:58:44 - INFO - Successfully inserted 6 Records.
2025-06-18 07:58:44 - INFO - Successfully inserted 6 Records.
2025-06-18 07:58:46 - INFO - Successfully inserted 10 Records.
2025-06-18 07:58:46 - INFO - Successfully inserted 10 Records.
2025-06-18 07:58:46 - INFO - Successfully inserted 10 Records.
2025-06-18 07:58:46 - INFO - Successfully inserted 10 Records.
2025-06-18 07:58:46 - INFO - Successfully inserted 10 Records.
2025-06-18 07:58:46 - INFO - Successfully inserted 10 Records.
2025-06-18 07:58:46 - INFO - Successfully inserted 10 Records.
2025-06-18 07:58:46 - INFO - Successfully inserted 10 Records.
2025-06-18 07:58:46 - INFO - Successfully inserted 10 Records.
2025-06-18 07:58:46 - INFO - Successfully inserted 10 Records.
2025-06-18 07:58:48 - INFO - Successfully inserted 10 Records.
2025-06-18 07:58:48 - INFO - Successfully inserted 10 Records.
2025-06-18 07:58:48 - INFO - Successfully inserted 10 Records.
2025-06-18 07:58:48 - INFO - Successfully inserted 10 Records.
2025-06-18 07:58:48 - INFO - Successfully inserted 10 Records.
2025-06-18 07:58:48 - INFO - Successfully inserted 10 Records.
2025-06-18 07:58:48 - INFO - Successfully inserted 10 Records.
2025-06-18 07:58:48 - INFO - Successfully inserted 10 Records.
2025-06-18 07:58:48 - INFO - Successfully inserted 10 Records.
2025-06-18 07:58:48 - INFO - Successfully inserted 10 Records.
2025-06-18 07:58:54 - INFO - Successfully inserted 10 Records.
2025-06-18 07:58:54 - INFO - Successfully inserted 10 Records.
2025-06-18 07:58:54 - INFO - Successfully inserted 10 Records.
2025-06-18 07:58:54 - INFO - Successfully inserted 10 Records.
2025-06-18 07:58:54 - INFO - Successfully inserted 10 Records.
2025-06-18 07:58:54 - INFO - Successfully inserted 10 Records.
2025-06-18 07:58:54 - INFO - Successfully inserted 10 Records.
2025-06-18 07:58:54 - INFO - Successfully inserted 10 Records.
2025-06-18 07:58:54 - INFO - Successfully inserted 10 Records.
2025-06-18 07:58:54 - INFO - Successfully inserted 10 Records.
2025-06-18 07:58:58 - INFO - Successfully inserted 10 Records.
2025-06-18 07:58:58 - INFO - Successfully inserted 10 Records.
2025-06-18 07:58:58 - INFO - Successfully inserted 10 Records.
2025-06-18 07:58:58 - INFO - Successfully inserted 10 Records.
2025-06-18 07:58:58 - INFO - Successfully inserted 10 Records.
2025-06-18 07:58:58 - INFO - Successfully inserted 10 Records.
2025-06-18 07:58:58 - INFO - Successfully inserted 10 Records.
2025-06-18 07:58:58 - INFO - Successfully inserted 10 Records.
2025-06-18 07:58:58 - INFO - Successfully inserted 10 Records.
2025-06-18 07:58:58 - INFO - Successfully inserted 10 Records.
2025-06-18 07:59:00 - INFO - Successfully inserted 6 Records.
2025-06-18 07:59:00 - INFO - Successfully inserted 6 Records.
2025-06-18 07:59:00 - INFO - Successfully inserted 6 Records.
2025-06-18 07:59:00 - INFO - Successfully inserted 6 Records.
2025-06-18 07:59:00 - INFO - Successfully inserted 6 Records.
2025-06-18 07:59:00 - INFO - Successfully inserted 6 Records.
2025-06-18 07:59:01 - INFO - Successfully inserted 6 Records.
2025-06-18 07:59:01 - INFO - Successfully inserted 6 Records.
2025-06-18 07:59:01 - INFO - Successfully inserted 6 Records.
2025-06-18 07:59:01 - INFO - Successfully inserted 6 Records.
2025-06-18 07:59:01 - INFO - Successfully inserted 6 Records.
2025-06-18 07:59:01 - INFO - Successfully inserted 6 Records.
2025-06-18 07:59:07 - INFO - Successfully inserted 10 Records.
2025-06-18 07:59:07 - INFO - Successfully inserted 10 Records.
2025-06-18 07:59:07 - INFO - Successfully inserted 10 Records.
2025-06-18 07:59:07 - INFO - Successfully inserted 10 Records.
2025-06-18 07:59:07 - INFO - Successfully inserted 10 Records.
2025-06-18 07:59:07 - INFO - Successfully inserted 10 Records.
2025-06-18 07:59:07 - INFO - Successfully inserted 10 Records.
2025-06-18 07:59:07 - INFO - Successfully inserted 10 Records.
2025-06-18 07:59:07 - INFO - Successfully inserted 10 Records.
2025-06-18 07:59:07 - INFO - Successfully inserted 10 Records.
2025-06-18 07:59:09 - INFO - Successfully inserted 10 Records.
2025-06-18 07:59:09 - INFO - Successfully inserted 10 Records.
2025-06-18 07:59:09 - INFO - Successfully inserted 10 Records.
2025-06-18 07:59:09 - INFO - Successfully inserted 10 Records.
2025-06-18 07:59:09 - INFO - Successfully inserted 10 Records.
2025-06-18 07:59:09 - INFO - Successfully inserted 10 Records.
2025-06-18 07:59:09 - INFO - Successfully inserted 10 Records.
2025-06-18 07:59:09 - INFO - Successfully inserted 10 Records.
2025-06-18 07:59:09 - INFO - Successfully inserted 10 Records.
2025-06-18 07:59:09 - INFO - Successfully inserted 10 Records.
2025-06-18 07:59:14 - INFO - Successfully inserted 10 Records.
2025-06-18 07:59:14 - INFO - Successfully inserted 10 Records.
2025-06-18 07:59:14 - INFO - Successfully inserted 10 Records.
2025-06-18 07:59:14 - INFO - Successfully inserted 10 Records.
2025-06-18 07:59:14 - INFO - Successfully inserted 10 Records.
2025-06-18 07:59:14 - INFO - Successfully inserted 10 Records.
2025-06-18 07:59:14 - INFO - Successfully inserted 10 Records.
2025-06-18 07:59:14 - INFO - Successfully inserted 10 Records.
2025-06-18 07:59:14 - INFO - Successfully inserted 10 Records.
2025-06-18 07:59:14 - INFO - Successfully inserted 10 Records.
2025-06-18 07:59:22 - INFO - Successfully inserted 10 Records.
2025-06-18 07:59:22 - INFO - Successfully inserted 10 Records.
2025-06-18 07:59:22 - INFO - Successfully inserted 10 Records.
2025-06-18 07:59:22 - INFO - Successfully inserted 10 Records.
2025-06-18 07:59:22 - INFO - Successfully inserted 10 Records.
2025-06-18 07:59:22 - INFO - Successfully inserted 10 Records.
2025-06-18 07:59:22 - INFO - Successfully inserted 10 Records.
2025-06-18 07:59:22 - INFO - Successfully inserted 10 Records.
2025-06-18 07:59:22 - INFO - Successfully inserted 10 Records.
2025-06-18 07:59:22 - INFO - Successfully inserted 10 Records.
2025-06-18 07:59:24 - INFO - Successfully inserted 6 Records.
2025-06-18 07:59:24 - INFO - Successfully inserted 6 Records.
2025-06-18 07:59:24 - INFO - Successfully inserted 6 Records.
2025-06-18 07:59:24 - INFO - Successfully inserted 6 Records.
2025-06-18 07:59:24 - INFO - Successfully inserted 6 Records.
2025-06-18 07:59:24 - INFO - Successfully inserted 6 Records.
2025-06-18 07:59:25 - INFO - Successfully inserted 6 Records.
2025-06-18 07:59:25 - INFO - Successfully inserted 6 Records.
2025-06-18 07:59:25 - INFO - Successfully inserted 6 Records.
2025-06-18 07:59:25 - INFO - Successfully inserted 6 Records.
2025-06-18 07:59:25 - INFO - Successfully inserted 6 Records.
2025-06-18 07:59:25 - INFO - Successfully inserted 6 Records.
2025-06-18 07:59:27 - INFO - Successfully inserted 10 Records.
2025-06-18 07:59:27 - INFO - Successfully inserted 10 Records.
2025-06-18 07:59:27 - INFO - Successfully inserted 10 Records.
2025-06-18 07:59:28 - INFO - Successfully inserted 10 Records.
2025-06-18 07:59:28 - INFO - Successfully inserted 10 Records.
2025-06-18 07:59:28 - INFO - Successfully inserted 10 Records.
2025-06-18 07:59:28 - INFO - Successfully inserted 10 Records.
2025-06-18 07:59:28 - INFO - Successfully inserted 10 Records.
2025-06-18 07:59:28 - INFO - Successfully inserted 10 Records.
2025-06-18 07:59:28 - INFO - Successfully inserted 10 Records.
2025-06-18 07:59:30 - INFO - Successfully inserted 10 Records.
2025-06-18 07:59:30 - INFO - Successfully inserted 10 Records.
2025-06-18 07:59:30 - INFO - Successfully inserted 10 Records.
2025-06-18 07:59:30 - INFO - Successfully inserted 10 Records.
2025-06-18 07:59:30 - INFO - Successfully inserted 10 Records.
2025-06-18 07:59:30 - INFO - Successfully inserted 10 Records.
2025-06-18 07:59:30 - INFO - Successfully inserted 10 Records.
2025-06-18 07:59:30 - INFO - Successfully inserted 10 Records.
2025-06-18 07:59:30 - INFO - Successfully inserted 10 Records.
2025-06-18 07:59:30 - INFO - Successfully inserted 10 Records.
2025-06-18 07:59:34 - INFO - Successfully inserted 10 Records.
2025-06-18 07:59:34 - INFO - Successfully inserted 10 Records.
2025-06-18 07:59:34 - INFO - Successfully inserted 10 Records.
2025-06-18 07:59:34 - INFO - Successfully inserted 10 Records.
2025-06-18 07:59:34 - INFO - Successfully inserted 10 Records.
2025-06-18 07:59:34 - INFO - Successfully inserted 10 Records.
2025-06-18 07:59:34 - INFO - Successfully inserted 10 Records.
2025-06-18 07:59:34 - INFO - Successfully inserted 10 Records.
2025-06-18 07:59:34 - INFO - Successfully inserted 10 Records.
2025-06-18 07:59:34 - INFO - Successfully inserted 10 Records.
2025-06-18 07:59:41 - INFO - Successfully inserted 10 Records.
2025-06-18 07:59:42 - INFO - Successfully inserted 10 Records.
2025-06-18 07:59:42 - INFO - Successfully inserted 10 Records.
2025-06-18 07:59:42 - INFO - Successfully inserted 10 Records.
2025-06-18 07:59:42 - INFO - Successfully inserted 10 Records.
2025-06-18 07:59:42 - INFO - Successfully inserted 10 Records.
2025-06-18 07:59:42 - INFO - Successfully inserted 10 Records.
2025-06-18 07:59:42 - INFO - Successfully inserted 10 Records.
2025-06-18 07:59:42 - INFO - Successfully inserted 10 Records.
2025-06-18 07:59:42 - INFO - Successfully inserted 10 Records.
2025-06-18 07:59:43 - INFO - Successfully inserted 6 Records.
2025-06-18 07:59:43 - INFO - Successfully inserted 6 Records.
2025-06-18 07:59:43 - INFO - Successfully inserted 6 Records.
2025-06-18 07:59:43 - INFO - Successfully inserted 6 Records.
2025-06-18 07:59:43 - INFO - Successfully inserted 6 Records.
2025-06-18 07:59:43 - INFO - Successfully inserted 6 Records.
2025-06-18 07:59:45 - INFO - Successfully inserted 6 Records.
2025-06-18 07:59:45 - INFO - Successfully inserted 6 Records.
2025-06-18 07:59:45 - INFO - Successfully inserted 6 Records.
2025-06-18 07:59:45 - INFO - Successfully inserted 6 Records.
2025-06-18 07:59:45 - INFO - Successfully inserted 6 Records.
2025-06-18 07:59:45 - INFO - Successfully inserted 6 Records.
2025-06-18 07:59:47 - INFO - Successfully inserted 10 Records.
2025-06-18 07:59:47 - INFO - Successfully inserted 10 Records.
2025-06-18 07:59:47 - INFO - Successfully inserted 10 Records.
2025-06-18 07:59:47 - INFO - Successfully inserted 10 Records.
2025-06-18 07:59:47 - INFO - Successfully inserted 10 Records.
2025-06-18 07:59:47 - INFO - Successfully inserted 10 Records.
2025-06-18 07:59:47 - INFO - Successfully inserted 10 Records.
2025-06-18 07:59:47 - INFO - Successfully inserted 10 Records.
2025-06-18 07:59:47 - INFO - Successfully inserted 10 Records.
2025-06-18 07:59:47 - INFO - Successfully inserted 10 Records.
2025-06-18 07:59:49 - INFO - Successfully inserted 10 Records.
2025-06-18 07:59:49 - INFO - Successfully inserted 10 Records.
2025-06-18 07:59:49 - INFO - Successfully inserted 10 Records.
2025-06-18 07:59:49 - INFO - Successfully inserted 10 Records.
2025-06-18 07:59:49 - INFO - Successfully inserted 10 Records.
2025-06-18 07:59:49 - INFO - Successfully inserted 10 Records.
2025-06-18 07:59:49 - INFO - Successfully inserted 10 Records.
2025-06-18 07:59:49 - INFO - Successfully inserted 10 Records.
2025-06-18 07:59:49 - INFO - Successfully inserted 10 Records.
2025-06-18 07:59:49 - INFO - Successfully inserted 10 Records.
2025-06-18 07:59:53 - INFO - Successfully inserted 10 Records.
2025-06-18 07:59:53 - INFO - Successfully inserted 10 Records.
2025-06-18 07:59:53 - INFO - Successfully inserted 10 Records.
2025-06-18 07:59:53 - INFO - Successfully inserted 10 Records.
2025-06-18 07:59:53 - INFO - Successfully inserted 10 Records.
2025-06-18 07:59:53 - INFO - Successfully inserted 10 Records.
2025-06-18 07:59:53 - INFO - Successfully inserted 10 Records.
2025-06-18 07:59:53 - INFO - Successfully inserted 10 Records.
2025-06-18 07:59:53 - INFO - Successfully inserted 10 Records.
2025-06-18 07:59:53 - INFO - Successfully inserted 10 Records.
2025-06-18 08:00:01 - INFO - Successfully inserted 10 Records.
2025-06-18 08:00:01 - INFO - Successfully inserted 10 Records.
2025-06-18 08:00:01 - INFO - Successfully inserted 10 Records.
2025-06-18 08:00:01 - INFO - Successfully inserted 10 Records.
2025-06-18 08:00:01 - INFO - Successfully inserted 10 Records.
2025-06-18 08:00:01 - INFO - Successfully inserted 10 Records.
2025-06-18 08:00:01 - INFO - Successfully inserted 10 Records.
2025-06-18 08:00:01 - INFO - Successfully inserted 10 Records.
2025-06-18 08:00:01 - INFO - Successfully inserted 10 Records.
2025-06-18 08:00:01 - INFO - Successfully inserted 10 Records.
2025-06-18 08:00:03 - INFO - Successfully inserted 6 Records.
2025-06-18 08:00:03 - INFO - Successfully inserted 6 Records.
2025-06-18 08:00:03 - INFO - Successfully inserted 6 Records.
2025-06-18 08:00:03 - INFO - Successfully inserted 6 Records.
2025-06-18 08:00:03 - INFO - Successfully inserted 6 Records.
2025-06-18 08:00:03 - INFO - Successfully inserted 6 Records.
2025-06-18 08:00:04 - INFO - Successfully inserted 6 Records.
2025-06-18 08:00:04 - INFO - Successfully inserted 6 Records.
2025-06-18 08:00:04 - INFO - Successfully inserted 6 Records.
2025-06-18 08:00:04 - INFO - Successfully inserted 6 Records.
2025-06-18 08:00:04 - INFO - Successfully inserted 6 Records.
2025-06-18 08:00:04 - INFO - Successfully inserted 6 Records.
2025-06-18 08:00:06 - INFO - Successfully inserted 10 Records.
2025-06-18 08:00:06 - INFO - Successfully inserted 10 Records.
2025-06-18 08:00:06 - INFO - Successfully inserted 10 Records.
2025-06-18 08:00:06 - INFO - Successfully inserted 10 Records.
2025-06-18 08:00:06 - INFO - Successfully inserted 10 Records.
2025-06-18 08:00:06 - INFO - Successfully inserted 10 Records.
2025-06-18 08:00:06 - INFO - Successfully inserted 10 Records.
2025-06-18 08:00:06 - INFO - Successfully inserted 10 Records.
2025-06-18 08:00:06 - INFO - Successfully inserted 10 Records.
2025-06-18 08:00:06 - INFO - Successfully inserted 10 Records.
2025-06-18 08:00:08 - INFO - Successfully inserted 10 Records.
2025-06-18 08:00:08 - INFO - Successfully inserted 10 Records.
2025-06-18 08:00:08 - INFO - Successfully inserted 10 Records.
2025-06-18 08:00:09 - INFO - Successfully inserted 10 Records.
2025-06-18 08:00:09 - INFO - Successfully inserted 10 Records.
2025-06-18 08:00:09 - INFO - Successfully inserted 10 Records.
2025-06-18 08:00:09 - INFO - Successfully inserted 10 Records.
2025-06-18 08:00:09 - INFO - Successfully inserted 10 Records.
2025-06-18 08:00:09 - INFO - Successfully inserted 10 Records.
2025-06-18 08:00:09 - INFO - Successfully inserted 10 Records.
2025-06-18 08:00:09 - INFO - Comitting and Disconnecting from DB ...
2025-06-18 08:00:09 - INFO - Script Ended